2019-01-17 08:03:05,790 [Worker-3: Loading available Gradle versions] INFO  c.g.t.t.d.PublishedGradleVersions - Gradle version information cache is up-to-date. Trying to read.
2019-01-17 08:03:56,607 [Worker-1: Importing Maven projects] INFO  o.e.m.c.i.l.LifecycleMappingFactory - Using org.eclipse.m2e.jdt.JarLifecycleMapping lifecycle mapping for MavenProject: toolsqa:cucumber:0.0.1-SNAPSHOT @ C:\Users\A738452\git\cucumberproject\CucumberTest\cucumber\pom.xml.
2019-01-17 08:04:01,080 [Worker-1: Importing Maven projects] INFO  o.e.m.j.i.AbstractJavaProjectConfigurator - Adding source folder /cucumber/src/main/java
2019-01-17 08:04:01,088 [Worker-1: Importing Maven projects] INFO  o.e.m.j.i.AbstractJavaProjectConfigurator - Adding source folder /cucumber/src/test/java
2019-01-17 08:04:01,089 [Worker-1: Importing Maven projects] INFO  o.e.m.j.i.AbstractJavaProjectConfigurator - Adding resource folder /cucumber/src/test/resources
2019-01-17 08:04:01,492 [Worker-1: Importing Maven projects] INFO  o.e.m.c.i.p.ProjectConfigurationManager - Imported and configured 1 project(s) in 10 sec
2019-01-17 08:04:07,206 [Worker-9: Building workspace] INFO  o.e.m.c.i.embedder.EclipseLogger - Using 'UTF-8' encoding to copy filtered resources.
2019-01-17 08:04:07,206 [Worker-9: Building workspace] INFO  o.e.m.c.i.embedder.EclipseLogger - skip non existing resourceDirectory C:\Users\A738452\git\cucumberproject\CucumberTest\cucumber\src\main\resources
2019-01-17 08:04:07,212 [Worker-9: Building workspace] INFO  o.e.m.c.i.embedder.EclipseLogger - Using 'UTF-8' encoding to copy filtered resources.
2019-01-17 08:04:07,233 [Worker-9: Building workspace] INFO  o.e.m.c.i.embedder.EclipseLogger - Copying 7 resources
2019-01-17 09:27:35,825 [Worker-31: Building workspace] INFO  o.e.m.c.i.embedder.EclipseLogger - Using 'UTF-8' encoding to copy filtered resources.
2019-01-17 09:27:35,827 [Worker-31: Building workspace] INFO  o.e.m.c.i.embedder.EclipseLogger - skip non existing resourceDirectory C:\Users\A738452\git\cucumberproject\CucumberTest\cucumber\src\main\resources
2019-01-17 09:27:35,829 [Worker-31: Building workspace] INFO  o.e.m.c.i.embedder.EclipseLogger - Using 'UTF-8' encoding to copy filtered resources.
2019-01-17 09:27:35,947 [Worker-31: Building workspace] INFO  o.e.m.c.i.embedder.EclipseLogger - Copying 7 resources
2019-01-17 09:27:49,935 [Worker-32: Building workspace] INFO  o.e.m.c.i.embedder.EclipseLogger - Using 'UTF-8' encoding to copy filtered resources.
2019-01-17 09:27:49,935 [Worker-32: Building workspace] INFO  o.e.m.c.i.embedder.EclipseLogger - skip non existing resourceDirectory C:\Users\A738452\git\cucumberproject\CucumberTest\cucumber\src\main\resources
2019-01-17 09:27:49,938 [Worker-32: Building workspace] INFO  o.e.m.c.i.embedder.EclipseLogger - Using 'UTF-8' encoding to copy filtered resources.
2019-01-17 09:27:49,938 [Worker-32: Building workspace] INFO  o.e.m.c.i.embedder.EclipseLogger - Copying 0 resource
2019-01-17 09:37:53,140 [Worker-34: Building workspace] INFO  o.e.m.c.i.embedder.EclipseLogger - Using 'UTF-8' encoding to copy filtered resources.
2019-01-17 09:37:53,141 [Worker-34: Building workspace] INFO  o.e.m.c.i.embedder.EclipseLogger - skip non existing resourceDirectory C:\Users\A738452\git\cucumberproject\CucumberTest\cucumber\src\main\resources
2019-01-17 09:37:53,146 [Worker-34: Building workspace] INFO  o.e.m.c.i.embedder.EclipseLogger - Using 'UTF-8' encoding to copy filtered resources.
2019-01-17 09:37:53,155 [Worker-34: Building workspace] INFO  o.e.m.c.i.embedder.EclipseLogger - Copying 7 resources
2019-01-17 09:41:52,183 [Worker-28: Building workspace] INFO  o.e.m.c.i.embedder.EclipseLogger - Using 'UTF-8' encoding to copy filtered resources.
2019-01-17 09:41:52,183 [Worker-28: Building workspace] INFO  o.e.m.c.i.embedder.EclipseLogger - skip non existing resourceDirectory C:\Users\A738452\git\cucumberproject\CucumberTest\cucumber\src\main\resources
2019-01-17 09:41:52,185 [Worker-28: Building workspace] INFO  o.e.m.c.i.embedder.EclipseLogger - Using 'UTF-8' encoding to copy filtered resources.
2019-01-17 09:41:52,195 [Worker-28: Building workspace] INFO  o.e.m.c.i.embedder.EclipseLogger - Copying 7 resources
2019-01-17 09:41:59,676 [Worker-38: Building workspace] INFO  o.e.m.c.i.embedder.EclipseLogger - Using 'UTF-8' encoding to copy filtered resources.
2019-01-17 09:41:59,677 [Worker-38: Building workspace] INFO  o.e.m.c.i.embedder.EclipseLogger - skip non existing resourceDirectory C:\Users\A738452\git\cucumberproject\CucumberTest\cucumber\src\main\resources
2019-01-17 09:41:59,678 [Worker-38: Building workspace] INFO  o.e.m.c.i.embedder.EclipseLogger - Using 'UTF-8' encoding to copy filtered resources.
2019-01-17 09:41:59,689 [Worker-38: Building workspace] INFO  o.e.m.c.i.embedder.EclipseLogger - Copying 7 resources
2019-01-17 09:47:03,955 [Worker-39: Building workspace] INFO  o.e.m.c.i.embedder.EclipseLogger - Using 'UTF-8' encoding to copy filtered resources.
2019-01-17 09:47:03,955 [Worker-39: Building workspace] INFO  o.e.m.c.i.embedder.EclipseLogger - skip non existing resourceDirectory C:\Users\A738452\git\cucumberproject\CucumberTest\cucumber\src\main\resources
2019-01-17 09:47:03,960 [Worker-39: Building workspace] INFO  o.e.m.c.i.embedder.EclipseLogger - Using 'UTF-8' encoding to copy filtered resources.
2019-01-17 09:47:03,975 [Worker-39: Building workspace] INFO  o.e.m.c.i.embedder.EclipseLogger - Copying 7 resources
2019-01-17 09:49:35,741 [Worker-40: Building workspace] INFO  o.e.m.c.i.embedder.EclipseLogger - Using 'UTF-8' encoding to copy filtered resources.
2019-01-17 09:49:35,741 [Worker-40: Building workspace] INFO  o.e.m.c.i.embedder.EclipseLogger - skip non existing resourceDirectory C:\Users\A738452\git\cucumberproject\CucumberTest\cucumber\src\main\resources
2019-01-17 09:49:35,744 [Worker-40: Building workspace] INFO  o.e.m.c.i.embedder.EclipseLogger - Using 'UTF-8' encoding to copy filtered resources.
2019-01-17 09:49:35,754 [Worker-40: Building workspace] INFO  o.e.m.c.i.embedder.EclipseLogger - Copying 7 resources
2019-01-17 09:53:32,607 [Worker-38: Building workspace] INFO  o.e.m.c.i.embedder.EclipseLogger - Using 'UTF-8' encoding to copy filtered resources.
2019-01-17 09:53:32,607 [Worker-38: Building workspace] INFO  o.e.m.c.i.embedder.EclipseLogger - skip non existing resourceDirectory C:\Users\A738452\git\cucumberproject\CucumberTest\cucumber\src\main\resources
2019-01-17 09:53:32,611 [Worker-38: Building workspace] INFO  o.e.m.c.i.embedder.EclipseLogger - Using 'UTF-8' encoding to copy filtered resources.
2019-01-17 09:53:32,621 [Worker-38: Building workspace] INFO  o.e.m.c.i.embedder.EclipseLogger - Copying 7 resources
2019-01-17 09:55:05,663 [Worker-40: Building workspace] INFO  o.e.m.c.i.embedder.EclipseLogger - Using 'UTF-8' encoding to copy filtered resources.
2019-01-17 09:55:05,663 [Worker-40: Building workspace] INFO  o.e.m.c.i.embedder.EclipseLogger - skip non existing resourceDirectory C:\Users\A738452\git\cucumberproject\CucumberTest\cucumber\src\main\resources
2019-01-17 09:55:05,665 [Worker-40: Building workspace] INFO  o.e.m.c.i.embedder.EclipseLogger - Using 'UTF-8' encoding to copy filtered resources.
2019-01-17 09:55:05,672 [Worker-40: Building workspace] INFO  o.e.m.c.i.embedder.EclipseLogger - Copying 7 resources
2019-01-17 09:55:16,829 [Worker-41: Launching CT_Addbucket] INFO  o.e.m.c.i.embedder.EclipseLogger - Using 'UTF-8' encoding to copy filtered resources.
2019-01-17 09:55:16,831 [Worker-41: Launching CT_Addbucket] INFO  o.e.m.c.i.embedder.EclipseLogger - skip non existing resourceDirectory C:\Users\A738452\git\cucumberproject\CucumberTest\cucumber\src\main\resources
2019-01-17 09:55:16,836 [Worker-41: Launching CT_Addbucket] INFO  o.e.m.c.i.embedder.EclipseLogger - Using 'UTF-8' encoding to copy filtered resources.
2019-01-17 09:55:16,844 [Worker-41: Launching CT_Addbucket] INFO  o.e.m.c.i.embedder.EclipseLogger - Copying 7 resources
2019-01-17 09:55:27,838 [Worker-38: Building workspace] INFO  o.e.m.c.i.embedder.EclipseLogger - Using 'UTF-8' encoding to copy filtered resources.
2019-01-17 09:55:27,838 [Worker-38: Building workspace] INFO  o.e.m.c.i.embedder.EclipseLogger - skip non existing resourceDirectory C:\Users\A738452\git\cucumberproject\CucumberTest\cucumber\src\main\resources
2019-01-17 09:55:27,841 [Worker-38: Building workspace] INFO  o.e.m.c.i.embedder.EclipseLogger - Using 'UTF-8' encoding to copy filtered resources.
2019-01-17 09:55:27,856 [Worker-38: Building workspace] INFO  o.e.m.c.i.embedder.EclipseLogger - Copying 7 resources
2019-01-17 10:00:18,836 [Worker-37: Building workspace] INFO  o.e.m.c.i.embedder.EclipseLogger - Using 'UTF-8' encoding to copy filtered resources.
2019-01-17 10:00:18,837 [Worker-37: Building workspace] INFO  o.e.m.c.i.embedder.EclipseLogger - skip non existing resourceDirectory C:\Users\A738452\git\cucumberproject\CucumberTest\cucumber\src\main\resources
2019-01-17 10:00:18,840 [Worker-37: Building workspace] INFO  o.e.m.c.i.embedder.EclipseLogger - Using 'UTF-8' encoding to copy filtered resources.
2019-01-17 10:00:18,851 [Worker-37: Building workspace] INFO  o.e.m.c.i.embedder.EclipseLogger - Copying 7 resources
2019-01-17 10:00:34,621 [Worker-44: Building workspace] INFO  o.e.m.c.i.embedder.EclipseLogger - Using 'UTF-8' encoding to copy filtered resources.
2019-01-17 10:00:34,622 [Worker-44: Building workspace] INFO  o.e.m.c.i.embedder.EclipseLogger - skip non existing resourceDirectory C:\Users\A738452\git\cucumberproject\CucumberTest\cucumber\src\main\resources
2019-01-17 10:00:34,624 [Worker-44: Building workspace] INFO  o.e.m.c.i.embedder.EclipseLogger - Using 'UTF-8' encoding to copy filtered resources.
2019-01-17 10:00:34,633 [Worker-44: Building workspace] INFO  o.e.m.c.i.embedder.EclipseLogger - Copying 7 resources
2019-01-17 10:01:15,203 [Worker-37: Building workspace] INFO  o.e.m.c.i.embedder.EclipseLogger - Using 'UTF-8' encoding to copy filtered resources.
2019-01-17 10:01:15,203 [Worker-37: Building workspace] INFO  o.e.m.c.i.embedder.EclipseLogger - skip non existing resourceDirectory C:\Users\A738452\git\cucumberproject\CucumberTest\cucumber\src\main\resources
2019-01-17 10:01:15,211 [Worker-37: Building workspace] INFO  o.e.m.c.i.embedder.EclipseLogger - Using 'UTF-8' encoding to copy filtered resources.
2019-01-17 10:01:15,220 [Worker-37: Building workspace] INFO  o.e.m.c.i.embedder.EclipseLogger - Copying 7 resources
2019-01-17 10:01:58,064 [Worker-43: Building workspace] INFO  o.e.m.c.i.embedder.EclipseLogger - Using 'UTF-8' encoding to copy filtered resources.
2019-01-17 10:01:58,065 [Worker-43: Building workspace] INFO  o.e.m.c.i.embedder.EclipseLogger - skip non existing resourceDirectory C:\Users\A738452\git\cucumberproject\CucumberTest\cucumber\src\main\resources
2019-01-17 10:01:58,069 [Worker-43: Building workspace] INFO  o.e.m.c.i.embedder.EclipseLogger - Using 'UTF-8' encoding to copy filtered resources.
2019-01-17 10:01:58,079 [Worker-43: Building workspace] INFO  o.e.m.c.i.embedder.EclipseLogger - Copying 7 resources
2019-01-17 10:02:39,444 [Worker-40: Building workspace] INFO  o.e.m.c.i.embedder.EclipseLogger - Using 'UTF-8' encoding to copy filtered resources.
2019-01-17 10:02:39,445 [Worker-40: Building workspace] INFO  o.e.m.c.i.embedder.EclipseLogger - skip non existing resourceDirectory C:\Users\A738452\git\cucumberproject\CucumberTest\cucumber\src\main\resources
2019-01-17 10:02:39,448 [Worker-40: Building workspace] INFO  o.e.m.c.i.embedder.EclipseLogger - Using 'UTF-8' encoding to copy filtered resources.
2019-01-17 10:02:39,456 [Worker-40: Building workspace] INFO  o.e.m.c.i.embedder.EclipseLogger - Copying 7 resources
2019-01-17 10:04:08,618 [Worker-42: Building workspace] INFO  o.e.m.c.i.embedder.EclipseLogger - Using 'UTF-8' encoding to copy filtered resources.
2019-01-17 10:04:08,619 [Worker-42: Building workspace] INFO  o.e.m.c.i.embedder.EclipseLogger - skip non existing resourceDirectory C:\Users\A738452\git\cucumberproject\CucumberTest\cucumber\src\main\resources
2019-01-17 10:04:08,621 [Worker-42: Building workspace] INFO  o.e.m.c.i.embedder.EclipseLogger - Using 'UTF-8' encoding to copy filtered resources.
2019-01-17 10:04:08,630 [Worker-42: Building workspace] INFO  o.e.m.c.i.embedder.EclipseLogger - Copying 7 resources
2019-01-18 09:48:06,224 [Worker-176: Building workspace] INFO  o.e.m.c.i.embedder.EclipseLogger - Using 'UTF-8' encoding to copy filtered resources.
2019-01-18 09:48:06,225 [Worker-176: Building workspace] INFO  o.e.m.c.i.embedder.EclipseLogger - skip non existing resourceDirectory C:\Users\A738452\git\cucumberproject\CucumberTest\cucumber\src\main\resources
2019-01-18 09:48:06,227 [Worker-176: Building workspace] INFO  o.e.m.c.i.embedder.EclipseLogger - Using 'UTF-8' encoding to copy filtered resources.
2019-01-18 09:48:06,236 [Worker-176: Building workspace] INFO  o.e.m.c.i.embedder.EclipseLogger - Copying 7 resources
2019-01-18 09:54:01,799 [Worker-183: Updating Maven Project] INFO  o.e.m.c.i.p.ProjectConfigurationManager - Update started
2019-01-18 09:54:03,432 [Worker-183: Updating Maven Project] INFO  o.e.m.c.i.l.LifecycleMappingFactory - Using org.eclipse.m2e.jdt.JarLifecycleMapping lifecycle mapping for MavenProject: toolsqa:cucumber:0.0.1-SNAPSHOT @ C:\Users\A738452\git\cucumberproject\CucumberTest\cucumber\pom.xml.
2019-01-18 09:54:04,333 [Worker-183: Updating Maven Project] INFO  o.e.m.j.i.AbstractJavaProjectConfigurator - Adding source folder /cucumber/src/main/java
2019-01-18 09:54:04,333 [Worker-183: Updating Maven Project] INFO  o.e.m.j.i.AbstractJavaProjectConfigurator - Adding source folder /cucumber/src/test/java
2019-01-18 09:54:04,333 [Worker-183: Updating Maven Project] INFO  o.e.m.j.i.AbstractJavaProjectConfigurator - Adding resource folder /cucumber/src/test/resources
2019-01-18 09:54:04,825 [Worker-183: Updating Maven Project] INFO  o.e.m.c.i.p.ProjectConfigurationManager - Update completed: 3 sec
2019-01-18 09:54:06,830 [Worker-181: Building workspace] INFO  o.e.m.c.i.embedder.EclipseLogger - Using 'UTF-8' encoding to copy filtered resources.
2019-01-18 09:54:06,830 [Worker-181: Building workspace] INFO  o.e.m.c.i.embedder.EclipseLogger - skip non existing resourceDirectory C:\Users\A738452\git\cucumberproject\CucumberTest\cucumber\src\main\resources
2019-01-18 09:54:06,847 [Worker-181: Building workspace] INFO  o.e.m.c.i.embedder.EclipseLogger - Using 'UTF-8' encoding to copy filtered resources.
2019-01-18 09:54:06,848 [Worker-181: Building workspace] INFO  o.e.m.c.i.embedder.EclipseLogger - Copying 7 resources
2019-01-18 09:58:46,912 [Worker-180: Building workspace] INFO  o.e.m.c.i.embedder.EclipseLogger - Using 'UTF-8' encoding to copy filtered resources.
2019-01-18 09:58:46,912 [Worker-180: Building workspace] INFO  o.e.m.c.i.embedder.EclipseLogger - skip non existing resourceDirectory C:\Users\A738452\git\cucumberproject\CucumberTest\cucumber\src\main\resources
2019-01-18 09:58:46,913 [Worker-180: Building workspace] INFO  o.e.m.c.i.embedder.EclipseLogger - Using 'UTF-8' encoding to copy filtered resources.
2019-01-18 09:58:46,921 [Worker-180: Building workspace] INFO  o.e.m.c.i.embedder.EclipseLogger - Copying 7 resources
2019-01-18 10:07:15,932 [Worker-186: Building workspace] INFO  o.e.m.c.i.embedder.EclipseLogger - Using 'UTF-8' encoding to copy filtered resources.
2019-01-18 10:07:15,933 [Worker-186: Building workspace] INFO  o.e.m.c.i.embedder.EclipseLogger - skip non existing resourceDirectory C:\Users\A738452\git\cucumberproject\CucumberTest\cucumber\src\main\resources
2019-01-18 10:07:15,935 [Worker-186: Building workspace] INFO  o.e.m.c.i.embedder.EclipseLogger - Using 'UTF-8' encoding to copy filtered resources.
2019-01-18 10:07:15,942 [Worker-186: Building workspace] INFO  o.e.m.c.i.embedder.EclipseLogger - Copying 7 resources
2019-01-21 06:06:50,844 [Worker-604: Building workspace] INFO  o.e.m.c.i.embedder.EclipseLogger - Using 'UTF-8' encoding to copy filtered resources.
2019-01-21 06:06:50,844 [Worker-604: Building workspace] INFO  o.e.m.c.i.embedder.EclipseLogger - skip non existing resourceDirectory C:\Users\A738452\git\cucumberproject\CucumberTest\cucumber\src\main\resources
2019-01-21 06:06:50,854 [Worker-604: Building workspace] INFO  o.e.m.c.i.embedder.EclipseLogger - Using 'UTF-8' encoding to copy filtered resources.
2019-01-21 06:06:50,854 [Worker-604: Building workspace] INFO  o.e.m.c.i.embedder.EclipseLogger - Copying 0 resource
2019-01-21 06:09:56,601 [Worker-604: Building workspace] INFO  o.e.m.c.i.embedder.EclipseLogger - Using 'UTF-8' encoding to copy filtered resources.
2019-01-21 06:09:56,611 [Worker-604: Building workspace] INFO  o.e.m.c.i.embedder.EclipseLogger - skip non existing resourceDirectory C:\Users\A738452\git\cucumberproject\CucumberTest\cucumber\src\main\resources
2019-01-21 06:09:56,611 [Worker-604: Building workspace] INFO  o.e.m.c.i.embedder.EclipseLogger - Using 'UTF-8' encoding to copy filtered resources.
2019-01-21 06:09:56,611 [Worker-604: Building workspace] INFO  o.e.m.c.i.embedder.EclipseLogger - Copying 0 resource
2019-01-21 06:10:55,689 [Worker-607: Building workspace] INFO  o.e.m.c.i.embedder.EclipseLogger - Using 'UTF-8' encoding to copy filtered resources.
2019-01-21 06:10:55,689 [Worker-607: Building workspace] INFO  o.e.m.c.i.embedder.EclipseLogger - skip non existing resourceDirectory C:\Users\A738452\git\cucumberproject\CucumberTest\cucumber\src\main\resources
2019-01-21 06:10:55,699 [Worker-607: Building workspace] INFO  o.e.m.c.i.embedder.EclipseLogger - Using 'UTF-8' encoding to copy filtered resources.
2019-01-21 06:10:55,699 [Worker-607: Building workspace] INFO  o.e.m.c.i.embedder.EclipseLogger - Copying 0 resource
2019-01-21 06:14:37,567 [Worker-609: Building workspace] INFO  o.e.m.c.i.embedder.EclipseLogger - Using 'UTF-8' encoding to copy filtered resources.
2019-01-21 06:14:37,567 [Worker-609: Building workspace] INFO  o.e.m.c.i.embedder.EclipseLogger - skip non existing resourceDirectory C:\Users\A738452\git\cucumberproject\CucumberTest\cucumber\src\main\resources
2019-01-21 06:14:37,567 [Worker-609: Building workspace] INFO  o.e.m.c.i.embedder.EclipseLogger - Using 'UTF-8' encoding to copy filtered resources.
2019-01-21 06:14:37,567 [Worker-609: Building workspace] INFO  o.e.m.c.i.embedder.EclipseLogger - Copying 0 resource
2019-01-21 06:34:52,155 [Worker-613: Building workspace] INFO  o.e.m.c.i.embedder.EclipseLogger - Using 'UTF-8' encoding to copy filtered resources.
2019-01-21 06:34:52,155 [Worker-613: Building workspace] INFO  o.e.m.c.i.embedder.EclipseLogger - skip non existing resourceDirectory C:\Users\A738452\git\cucumberproject\CucumberTest\cucumber\src\main\resources
2019-01-21 06:34:52,155 [Worker-613: Building workspace] INFO  o.e.m.c.i.embedder.EclipseLogger - Using 'UTF-8' encoding to copy filtered resources.
2019-01-21 06:34:52,155 [Worker-613: Building workspace] INFO  o.e.m.c.i.embedder.EclipseLogger - Copying 0 resource
2019-01-21 07:40:31,503 [Worker-619: Building workspace] INFO  o.e.m.c.i.embedder.EclipseLogger - Using 'UTF-8' encoding to copy filtered resources.
2019-01-21 07:40:31,503 [Worker-619: Building workspace] INFO  o.e.m.c.i.embedder.EclipseLogger - skip non existing resourceDirectory C:\Users\A738452\git\cucumberproject\CucumberTest\cucumber\src\main\resources
2019-01-21 07:40:31,505 [Worker-619: Building workspace] INFO  o.e.m.c.i.embedder.EclipseLogger - Using 'UTF-8' encoding to copy filtered resources.
2019-01-21 07:40:31,506 [Worker-619: Building workspace] INFO  o.e.m.c.i.embedder.EclipseLogger - Copying 0 resource
2019-01-21 07:59:35,628 [Worker-622: Building workspace] INFO  o.e.m.c.i.embedder.EclipseLogger - Using 'UTF-8' encoding to copy filtered resources.
2019-01-21 07:59:35,628 [Worker-622: Building workspace] INFO  o.e.m.c.i.embedder.EclipseLogger - skip non existing resourceDirectory C:\Users\A738452\git\cucumberproject\CucumberTest\cucumber\src\main\resources
2019-01-21 07:59:35,628 [Worker-622: Building workspace] INFO  o.e.m.c.i.embedder.EclipseLogger - Using 'UTF-8' encoding to copy filtered resources.
2019-01-21 07:59:35,638 [Worker-622: Building workspace] INFO  o.e.m.c.i.embedder.EclipseLogger - Copying 7 resources
2019-01-21 08:03:13,282 [Worker-623: Building workspace] INFO  o.e.m.c.i.embedder.EclipseLogger - Using 'UTF-8' encoding to copy filtered resources.
2019-01-21 08:03:13,283 [Worker-623: Building workspace] INFO  o.e.m.c.i.embedder.EclipseLogger - skip non existing resourceDirectory C:\Users\A738452\git\cucumberproject\CucumberTest\cucumber\src\main\resources
2019-01-21 08:03:13,285 [Worker-623: Building workspace] INFO  o.e.m.c.i.embedder.EclipseLogger - Using 'UTF-8' encoding to copy filtered resources.
2019-01-21 08:03:13,302 [Worker-623: Building workspace] INFO  o.e.m.c.i.embedder.EclipseLogger - Copying 7 resources
2019-01-21 08:03:38,438 [Worker-623: Building workspace] INFO  o.e.m.c.i.embedder.EclipseLogger - Using 'UTF-8' encoding to copy filtered resources.
2019-01-21 08:03:38,438 [Worker-623: Building workspace] INFO  o.e.m.c.i.embedder.EclipseLogger - skip non existing resourceDirectory C:\Users\A738452\git\cucumberproject\CucumberTest\cucumber\src\main\resources
2019-01-21 08:03:38,438 [Worker-623: Building workspace] INFO  o.e.m.c.i.embedder.EclipseLogger - Using 'UTF-8' encoding to copy filtered resources.
2019-01-21 08:03:38,438 [Worker-623: Building workspace] INFO  o.e.m.c.i.embedder.EclipseLogger - Copying 0 resource
2019-01-22 05:56:15,713 [Worker-758: Building workspace] INFO  o.e.m.c.i.embedder.EclipseLogger - Using 'UTF-8' encoding to copy filtered resources.
2019-01-22 05:56:15,723 [Worker-758: Building workspace] INFO  o.e.m.c.i.embedder.EclipseLogger - skip non existing resourceDirectory C:\Users\A738452\git\cucumberproject\CucumberTest\cucumber\src\main\resources
2019-01-22 05:56:15,723 [Worker-758: Building workspace] INFO  o.e.m.c.i.embedder.EclipseLogger - Using 'UTF-8' encoding to copy filtered resources.
2019-01-22 05:56:15,723 [Worker-758: Building workspace] INFO  o.e.m.c.i.embedder.EclipseLogger - Copying 0 resource
2019-01-22 07:57:10,925 [Worker-773: Building workspace] INFO  o.e.m.c.i.embedder.EclipseLogger - Using 'UTF-8' encoding to copy filtered resources.
2019-01-22 07:57:10,925 [Worker-773: Building workspace] INFO  o.e.m.c.i.embedder.EclipseLogger - skip non existing resourceDirectory C:\Users\A738452\git\cucumberproject\CucumberTest\cucumber\src\main\resources
2019-01-22 07:57:10,925 [Worker-773: Building workspace] INFO  o.e.m.c.i.embedder.EclipseLogger - Using 'UTF-8' encoding to copy filtered resources.
2019-01-22 07:57:10,925 [Worker-773: Building workspace] INFO  o.e.m.c.i.embedder.EclipseLogger - Copying 0 resource
2019-01-23 12:33:27,662 [Worker-985: Updating Maven Project] INFO  o.e.m.c.i.p.ProjectConfigurationManager - Update started
2019-01-23 12:33:30,118 [Worker-985: Updating Maven Project] INFO  o.e.m.c.i.l.LifecycleMappingFactory - Using org.eclipse.m2e.jdt.JarLifecycleMapping lifecycle mapping for MavenProject: toolsqa:cucumber:0.0.1-SNAPSHOT @ C:\Users\A738452\git\cucumberproject\CucumberTest\cucumber\pom.xml.
2019-01-23 12:33:31,205 [Worker-985: Updating Maven Project] INFO  o.e.m.j.i.AbstractJavaProjectConfigurator - Adding source folder /cucumber/src/main/java
2019-01-23 12:33:31,205 [Worker-985: Updating Maven Project] INFO  o.e.m.j.i.AbstractJavaProjectConfigurator - Adding source folder /cucumber/src/test/java
2019-01-23 12:33:31,205 [Worker-985: Updating Maven Project] INFO  o.e.m.j.i.AbstractJavaProjectConfigurator - Adding resource folder /cucumber/src/test/resources
2019-01-23 12:33:31,826 [Worker-985: Updating Maven Project] INFO  o.e.m.c.i.p.ProjectConfigurationManager - Update completed: 4 sec
2019-01-23 12:33:33,208 [Worker-985: Building workspace] INFO  o.e.m.c.i.embedder.EclipseLogger - Using 'UTF-8' encoding to copy filtered resources.
2019-01-23 12:33:33,208 [Worker-985: Building workspace] INFO  o.e.m.c.i.embedder.EclipseLogger - skip non existing resourceDirectory C:\Users\A738452\git\cucumberproject\CucumberTest\cucumber\src\main\resources
2019-01-23 12:33:33,208 [Worker-985: Building workspace] INFO  o.e.m.c.i.embedder.EclipseLogger - Using 'UTF-8' encoding to copy filtered resources.
2019-01-23 12:33:33,208 [Worker-985: Building workspace] INFO  o.e.m.c.i.embedder.EclipseLogger - Copying 7 resources
2019-01-23 21:28:54,856 [Worker-1053: Building workspace] INFO  o.e.m.c.i.embedder.EclipseLogger - Using 'UTF-8' encoding to copy filtered resources.
2019-01-23 21:28:54,860 [Worker-1053: Building workspace] INFO  o.e.m.c.i.embedder.EclipseLogger - skip non existing resourceDirectory C:\Users\A738452\git\cucumberproject\CucumberTest\cucumber\src\main\resources
2019-01-23 21:28:54,862 [Worker-1053: Building workspace] INFO  o.e.m.c.i.embedder.EclipseLogger - Using 'UTF-8' encoding to copy filtered resources.
2019-01-23 21:28:54,873 [Worker-1053: Building workspace] INFO  o.e.m.c.i.embedder.EclipseLogger - Copying 8 resources
